<?xml version="1.0" encoding="UTF-8" ?>
<testsuite errors="0" failures="1" hostname="NOILAB66158" name="com.sap.test.AllTests" skipped="1" tests="11" time="0.056" timestamp="2016-07-11T08:45:37">
  <properties>
[...]
</properties>
  <testcase classname="com.sap.test.calcTest" name="calcTest2" time="0.005">
    <failure message="expected:&lt;7.5&gt; but was:&lt;7.0&gt;" type="junit.framework.AssertionFailedError">junit.framework.AssertionFailedError: expected:&lt;7.5&gt; but was:&lt;7.0&gt;
	at com.sap.test.calcTest.calcTest2(Unknown Source)
</failure>
  </testcase>
  <testcase classname="com.sap.test.calcTest" name="calcTest1" time="0.0" />
  <testcase classname="com.sap.test.RoundTest" name="roundTest1" time="0.0" />
  <testcase classname="com.sap.test.RoundTest" name="roundTest2" time="0.0" />
  <testcase classname="com.sap.test.RoundTest" name="roundTest3" time="0.0" />
  <testcase classname="com.sap.test.RoundTest" name="roundTest4" time="0.0">
    <skipped />
  </testcase>
  <testcase classname="com.sap.test.LoanTest" name="loanTest1" time="0.0" />
  <testcase classname="com.sap.test.LoanTest" name="loanTest2" time="0.0" />
  <testcase classname="com.sap.test.LoanTest" name="loanTest3" time="0.0" />
  <testcase classname="com.sap.test.LoanTest" name="loanTest4" time="0.0" />
  <testcase classname="com.sap.test.LoanTest" name="loanTest5" time="0.0" />
  <system-out><![CDATA[before class
before
test1
after
before
test2
after
before
test3
after
after class
]]></system-out>
  <system-err><![CDATA[]]></system-err>
</testsuite>
